[debug] [2021-07-16T19:49:30.587Z] ----------------------------------------------------------------------
[debug] [2021-07-16T19:49:30.589Z] Command:       /usr/local/bin/node /usr/local/bin/firebase init
[debug] [2021-07-16T19:49:30.590Z] CLI Version:   9.16.0
[debug] [2021-07-16T19:49:30.590Z] Platform:      darwin
[debug] [2021-07-16T19:49:30.590Z] Node Version:  v12.18.3
[debug] [2021-07-16T19:49:30.592Z] Time:          Fri Jul 16 2021 21:49:30 GMT+0200 (GMT+02:00)
[debug] [2021-07-16T19:49:30.592Z] ----------------------------------------------------------------------
[debug] 
[debug] [2021-07-16T19:49:30.598Z] > command requires scopes: ["email","openid","https://www.googleapis.com/auth/cloudplatformprojects.readonly","https://www.googleapis.com/auth/firebase","https://www.googleapis.com/auth/cloud-platform"]
[debug] [2021-07-16T19:49:30.599Z] > authorizing via signed-in user (noahbenaas@gmail.com)
[info] 
     ######## #### ########  ######## ########     ###     ######  ########
     ##        ##  ##     ## ##       ##     ##  ##   ##  ##       ##
     ######    ##  ########  ######   ########  #########  ######  ######
     ##        ##  ##    ##  ##       ##     ## ##     ##       ## ##
     ##       #### ##     ## ######## ########  ##     ##  ######  ########

You're about to initialize a Firebase project in this directory:

  /Users/kristine/Desktop/covid-19-tracker

[info] 
=== Project Setup
[info] 
[info] First, let's associate this project directory with a Firebase project.
[info] You can create multiple project aliases by running firebase use --add, 
[info] but for now we'll just set up a default project.
[info] 
[debug] [2021-07-16T19:50:29.819Z] > refreshing access token with scopes: []
[debug] [2021-07-16T19:50:29.819Z] >>> HTTP REQUEST POST https://www.googleapis.com/oauth2/v3/token  
 <request body omitted>
[debug] [2021-07-16T19:50:30.134Z] <<< HTTP RESPONSE 200 {"cache-control":"no-cache, no-store, max-age=0, must-revalidate","expires":"Mon, 01 Jan 1990 00:00:00 GMT","pragma":"no-cache","date":"Fri, 16 Jul 2021 19:50:30 GMT","content-type":"application/json; charset=utf-8","vary":"X-Origin, Referer, Origin,Accept-Encoding","server":"scaffolding on HTTPServer2","x-xss-protection":"0","x-frame-options":"SAMEORIGIN","x-content-type-options":"nosniff","alt-svc":"h3=\":443\"; ma=2592000,h3-29=\":443\"; ma=2592000,h3-T051=\":443\"; ma=2592000,h3-Q050=\":443\"; ma=2592000,h3-Q046=\":443\"; ma=2592000,h3-Q043=\":443\"; ma=2592000,quic=\":443\"; ma=2592000; v=\"46,43\"","accept-ranges":"none","transfer-encoding":"chunked"}
[debug] [2021-07-16T19:50:30.164Z] >>> [apiv2][query] GET https://firebase.googleapis.com/v1beta1/projects pageSize=100
[debug] [2021-07-16T19:50:30.540Z] <<< [apiv2][status] GET https://firebase.googleapis.com/v1beta1/projects 200
[debug] [2021-07-16T19:50:30.540Z] <<< [apiv2][body] GET https://firebase.googleapis.com/v1beta1/projects [omitted]
[info] i  Using project covid-19-tracker-a7b8f (Covid-19-tracker) 
[info] 
=== Hosting Setup
[info] 
[info] Your public directory is the folder (relative to your project directory) that
[info] will contain Hosting assets to be uploaded with firebase deploy. If you
[info] have a build process for your assets, use your build's output directory.
[info] 
[debug] [2021-07-16T19:51:34.725Z] >>> [apiv2][query] GET https://www.gstatic.com/firebasejs/releases.json [none]
[debug] [2021-07-16T19:51:35.040Z] <<< [apiv2][status] GET https://www.gstatic.com/firebasejs/releases.json 200
[debug] [2021-07-16T19:51:35.040Z] <<< [apiv2][body] GET https://www.gstatic.com/firebasejs/releases.json {"current":{"version":"8.7.1","browserURL":"https://www.gstatic.com/firebasejs/8.7.1/firebase.js","packageURL":"https://www.gstatic.com/firebasejs/8.7.1/firebase.tgz"},"live":{"version":"8.7","browserURL":"https://www.gstatic.com/firebasejs/live/8.7/firebase.js","packageURL":"https://www.gstatic.com/firebasejs/live/8.7/firebase.tgz"},"components":{"analytics":"https://www.gstatic.com/firebasejs/8.7.1/firebase-analytics.js","app":"https://www.gstatic.com/firebasejs/8.7.1/firebase-app.js","app-check":"https://www.gstatic.com/firebasejs/8.7.1/firebase-app-check.js","auth":"https://www.gstatic.com/firebasejs/8.7.1/firebase-auth.js","database":"https://www.gstatic.com/firebasejs/8.7.1/firebase-database.js","firestore":"https://www.gstatic.com/firebasejs/8.7.1/firebase-firestore.js","functions":"https://www.gstatic.com/firebasejs/8.7.1/firebase-functions.js","installations":"https://www.gstatic.com/firebasejs/8.7.1/firebase-installations.js","messaging":"https://www.gstatic.com/firebasejs/8.7.1/firebase-messaging.js","storage":"https://www.gstatic.com/firebasejs/8.7.1/firebase-storage.js","performance":"https://www.gstatic.com/firebasejs/8.7.1/firebase-performance.js","remote-config":"https://www.gstatic.com/firebasejs/8.7.1/firebase-remote-config.js","firestore.memory":"https://www.gstatic.com/firebasejs/8.7.1/firebase-firestore.memory.js"}}
[info] ✔  Wrote build/index.html 
[info] 
[info] i  Detected a .git folder at /Users/kristine/Desktop/covid-19-tracker 
[info] i  Authorizing with GitHub to upload your service account to a GitHub repository's secrets store. 
[info] 
[info] Visit this URL on this device to log in:
[info] https://github.com/login/oauth/authorize?client_id=89cf50f02ac6aaed3484&state=434950220&redirect_uri=http%3A%2F%2Flocalhost%3A9005&scope=read%3Auser%20repo%20public_repo
[info] 
[info] Waiting for authentication...
[debug] [2021-07-16T19:51:36.358Z] >>> HTTP REQUEST POST https://github.com/login/oauth/access_token  
 {"client_id":"89cf50f02ac6aaed3484","client_secret":"3330d14abc895d9a74d5f17cd7a00711fa2c5bf0","code":"2258b141f0bba2ab0909","redirect_uri":"http://localhost:9005","state":"434950220"}
[debug] [2021-07-16T19:51:37.114Z] <<< HTTP RESPONSE 200 {"server":"GitHub.com","date":"Fri, 16 Jul 2021 19:51:36 GMT","content-type":"application/json; charset=utf-8","transfer-encoding":"chunked","vary":"X-PJAX, Accept-Encoding, Accept, X-Requested-With","permissions-policy":"interest-cohort=()","etag":"W/\"d5027d42097e02ebaa0c2f27a535e1c4\"","cache-control":"max-age=0, private, must-revalidate","strict-transport-security":"max-age=31536000; includeSubdomains; preload","x-frame-options":"deny","x-content-type-options":"nosniff","x-xss-protection":"0","referrer-policy":"origin-when-cross-origin, strict-origin-when-cross-origin","expect-ct":"max-age=2592000, report-uri=\"https://api.github.com/_private/browser/errors\"","content-security-policy":"default-src 'none'; base-uri 'self'; block-all-mixed-content; connect-src 'self' uploads.github.com www.githubstatus.com collector.githubapp.com api.github.com github-cloud.s3.amazonaws.com github-production-repository-file-5c1aeb.s3.amazonaws.com github-production-upload-manifest-file-7fdce7.s3.amazonaws.com github-production-user-asset-6210df.s3.amazonaws.com cdn.optimizely.com logx.optimizely.com/v1/events translator.github.com wss://alive.github.com; font-src github.githubassets.com; form-action 'self' github.com gist.github.com; frame-ancestors 'none'; frame-src render.githubusercontent.com render-temp.githubusercontent.com viewscreen.githubusercontent.com; img-src 'self' data: github.githubassets.com identicons.github.com collector.githubapp.com github-cloud.s3.amazonaws.com secured-user-images.githubusercontent.com/ *.githubusercontent.com; manifest-src 'self'; media-src 'none'; script-src github.githubassets.com; style-src 'unsafe-inline' github.githubassets.com; worker-src github.com/socket-worker-3f088aa2.js gist.github.com/socket-worker-3f088aa2.js","x-github-request-id":"C2C9:BA7A:E5ED9D:EC7377:60F1E348"}
[debug] [2021-07-16T19:51:37.124Z] >>> [apiv2][query] GET https://api.github.com/user [none]
[debug] [2021-07-16T19:51:37.794Z] <<< [apiv2][status] GET https://api.github.com/user 200
[debug] [2021-07-16T19:51:37.794Z] <<< [apiv2][body] GET https://api.github.com/user {"login":"benoah","id":49205605,"node_id":"MDQ6VXNlcjQ5MjA1NjA1","avatar_url":"https://avatars.githubusercontent.com/u/49205605?v=4","gravatar_id":"","url":"https://api.github.com/users/benoah","html_url":"https://github.com/benoah","followers_url":"https://api.github.com/users/benoah/followers","following_url":"https://api.github.com/users/benoah/following{/other_user}","gists_url":"https://api.github.com/users/benoah/gists{/gist_id}","starred_url":"https://api.github.com/users/benoah/starred{/owner}{/repo}","subscriptions_url":"https://api.github.com/users/benoah/subscriptions","organizations_url":"https://api.github.com/users/benoah/orgs","repos_url":"https://api.github.com/users/benoah/repos","events_url":"https://api.github.com/users/benoah/events{/privacy}","received_events_url":"https://api.github.com/users/benoah/received_events","type":"User","site_admin":false,"name":"Ben Noah Moussa","company":"Looking for job","blog":"","location":"Oslo","email":"noahbenaas@gmail.com","hireable":true,"bio":"Hello world I'm a Frontend Developer, educated from Noroff school of technology","twitter_username":"BenMous43917936","public_repos":212,"public_gists":0,"followers":3,"following":12,"created_at":"2019-04-02T16:56:19Z","updated_at":"2021-07-16T09:01:51Z","private_gists":0,"total_private_repos":31,"owned_private_repos":31,"disk_usage":201169,"collaborators":0,"two_factor_authentication":false,"plan":{"name":"free","space":976562499,"collaborators":0,"private_repos":10000}}
[info] 
[info] ✔  Success! Logged into GitHub as benoah 
[info] 
